{"sessionId":"b9f748","location":"cotas-route.ts:10","message":"DELETE cota handler started","data":{"cotaId":"cmlzfb0ii000escbf7wb957do"},"timestamp":1772452866029,"hypothesisId":"H10"}
{"sessionId":"b9f748","location":"cotas-route.ts:14","message":"Session retrieved","data":{"hasSession":true,"userType":"admin"},"timestamp":1772452866036,"hypothesisId":"H10"}
{"sessionId":"b9f748","location":"cotas-route.ts:33","message":"Cota fetched","data":{"found":true,"reservasCount":0,"cobrancasCount":1},"timestamp":1772452866109,"hypothesisId":"H11"}
{"sessionId":"b9f748","location":"cotas-route.ts:46","message":"Cannot delete - has reservas or cobrancas","data":{"reservasCount":0,"cobrancasCount":1},"timestamp":1772452866109,"hypothesisId":"H11"}
{"sessionId":"b9f748","location":"cotas-route.ts:10","message":"DELETE cota handler started","data":{"cotaId":"cmmb1uizj0047l9h0yesx6yn3"},"timestamp":1772629523228,"hypothesisId":"H10"}
{"sessionId":"b9f748","location":"cotas-route.ts:14","message":"Session retrieved","data":{"hasSession":true,"userType":"admin"},"timestamp":1772629523232,"hypothesisId":"H10"}
{"sessionId":"b9f748","location":"cotas-route.ts:33","message":"Cota fetched","data":{"found":true,"reservasCount":0,"cobrancasCount":2},"timestamp":1772629523371,"hypothesisId":"H11"}
{"sessionId":"b9f748","location":"cotas-route.ts:46","message":"Cannot delete - has reservas or cobrancas","data":{"reservasCount":0,"cobrancasCount":2},"timestamp":1772629523372,"hypothesisId":"H11"}
{"sessionId":"b9f748","location":"route.ts:200","message":"DELETE handler started","data":{"propertyId":"cmmb1uiom0041l9h0cpz20tcq"},"timestamp":1772629779463,"hypothesisId":"H5"}
{"sessionId":"b9f748","location":"route.ts:204","message":"Session retrieved","data":{"hasSession":true,"userType":"admin"},"timestamp":1772629779467,"hypothesisId":"H3"}
{"sessionId":"b9f748","location":"route.ts:224","message":"Property fetched with cotas and reservas","data":{"found":true,"cotasCount":0,"totalReservas":0},"timestamp":1772629779537,"hypothesisId":"H7"}
{"sessionId":"b9f748","location":"route.ts:244","message":"About to delete property","data":{"propertyId":"cmmb1uiom0041l9h0cpz20tcq"},"timestamp":1772629779537,"hypothesisId":"H6"}
{"sessionId":"b9f748","location":"route.ts:248","message":"Property deleted successfully","data":{"propertyId":"cmmb1uiom0041l9h0cpz20tcq"},"timestamp":1772629779600,"hypothesisId":"H6"}
{"sessionId":"b9f748","location":"route.ts:200","message":"DELETE handler started","data":{"propertyId":"cmmb1uiky003zl9h0xmvh4m0e"},"timestamp":1772629782224,"hypothesisId":"H5"}
{"sessionId":"b9f748","location":"route.ts:204","message":"Session retrieved","data":{"hasSession":true,"userType":"admin"},"timestamp":1772629782227,"hypothesisId":"H3"}
{"sessionId":"b9f748","location":"route.ts:224","message":"Property fetched with cotas and reservas","data":{"found":true,"cotasCount":0,"totalReservas":0},"timestamp":1772629782265,"hypothesisId":"H7"}
{"sessionId":"b9f748","location":"route.ts:244","message":"About to delete property","data":{"propertyId":"cmmb1uiky003zl9h0xmvh4m0e"},"timestamp":1772629782266,"hypothesisId":"H6"}
{"sessionId":"b9f748","location":"route.ts:248","message":"Property deleted successfully","data":{"propertyId":"cmmb1uiky003zl9h0xmvh4m0e"},"timestamp":1772629782287,"hypothesisId":"H6"}
{"sessionId":"b9f748","location":"route.ts:200","message":"DELETE handler started","data":{"propertyId":"cmmc6ncnc0008az9a3sfml7bo"},"timestamp":1772638651429,"hypothesisId":"H5"}
{"sessionId":"b9f748","location":"route.ts:204","message":"Session retrieved","data":{"hasSession":true,"userType":"admin"},"timestamp":1772638651439,"hypothesisId":"H3"}
{"sessionId":"b9f748","location":"route.ts:224","message":"Property fetched with cotas and reservas","data":{"found":true,"cotasCount":0,"totalReservas":0},"timestamp":1772638651511,"hypothesisId":"H7"}
{"sessionId":"b9f748","location":"route.ts:244","message":"About to delete property","data":{"propertyId":"cmmc6ncnc0008az9a3sfml7bo"},"timestamp":1772638651512,"hypothesisId":"H6"}
{"sessionId":"b9f748","location":"route.ts:248","message":"Property deleted successfully","data":{"propertyId":"cmmc6ncnc0008az9a3sfml7bo"},"timestamp":1772638651551,"hypothesisId":"H6"}
{"sessionId":"b9f748","location":"route.ts:200","message":"DELETE handler started","data":{"propertyId":"cmmc6ncjg0006az9any35so4l"},"timestamp":1772638654998,"hypothesisId":"H5"}
{"sessionId":"b9f748","location":"route.ts:204","message":"Session retrieved","data":{"hasSession":true,"userType":"admin"},"timestamp":1772638655000,"hypothesisId":"H3"}
{"sessionId":"b9f748","location":"route.ts:224","message":"Property fetched with cotas and reservas","data":{"found":true,"cotasCount":0,"totalReservas":0},"timestamp":1772638655060,"hypothesisId":"H7"}
{"sessionId":"b9f748","location":"route.ts:244","message":"About to delete property","data":{"propertyId":"cmmc6ncjg0006az9any35so4l"},"timestamp":1772638655061,"hypothesisId":"H6"}
{"sessionId":"b9f748","location":"route.ts:248","message":"Property deleted successfully","data":{"propertyId":"cmmc6ncjg0006az9any35so4l"},"timestamp":1772638655117,"hypothesisId":"H6"}
